start.bat
[INFO] Stopping any existing Java process...
[INFO] Releasing port 8080...
[INFO] Using Java: C:\JAVA\jdk21.0.11-win_x64\bin\java
[INFO] Starting: admin3-server\target\admin3-server-0.0.1-SNAPSHOT.jar
[INFO] URL: http://localhost:8080/admin3
[INFO] Press Ctrl+C to stop

Standard Commons Logging discovery in action with spring-jcl: please remove commons-logging.jar from classpath in order to avoid potential conflicts

  .   ____          _            __ _ _
 /\\ / ___'_ __ _ _(_)_ __  __ _ \ \ \ \
( ( )\___ | '_ | '_| | '_ \/ _` | \ \ \ \
 \\/  ___)| |_)| | | | | || (_| |  ) ) ) )
  '  |____| .__|_| |_|_| |_\__, | / / / /
 =========|_|==============|___/=/_/_/_/
 :: Spring Boot ::                (v3.2.3)

2026-06-02T21:09:34.497+08:00  INFO 26160 --- [admin3] [           main] t.wetech.admin3.Admin3ServerApplication  : Starting Admin3ServerApplication v0.0.1-SNAPSHOT using Java 21.0.11 with PID 26160 (D:\hongmengProjects\admin3\admin3-server\target\admin3-server-0.0.1-SNAPSHOT.jar started by liuxiaobo in D:\hongmengProjects\admin3)
2026-06-02T21:09:34.504+08:00  INFO 26160 --- [admin3] [           main] t.wetech.admin3.Admin3ServerApplication  : The following 1 profile is active: "biz"
2026-06-02T21:09:36.804+08:00  INFO 26160 --- [admin3] [           main] .s.d.r.c.RepositoryConfigurationDelegate : Bootstrapping Spring Data JPA repositories in DEFAULT mode.
2026-06-02T21:09:37.112+08:00  INFO 26160 --- [admin3] [           main] .s.d.r.c.RepositoryConfigurationDelegate : Finished Spring Data repository scanning in 296 ms. Found 13 JPA repository interfaces.
2026-06-02T21:09:38.727+08:00  INFO 26160 --- [admin3] [           main] o.s.b.w.embedded.tomcat.TomcatWebServer  : Tomcat initialized with port 8080 (http)
2026-06-02T21:09:38.757+08:00  INFO 26160 --- [admin3] [           main] o.apache.catalina.core.StandardService   : Starting service [Tomcat]
2026-06-02T21:09:38.758+08:00  INFO 26160 --- [admin3] [           main] o.apache.catalina.core.StandardEngine    : Starting Servlet engine: [Apache Tomcat/10.1.19]
2026-06-02T21:09:38.877+08:00  INFO 26160 --- [admin3] [           main] o.a.c.c.C.[.[localhost].[/admin3]        : Initializing Spring embedded WebApplicationContext
2026-06-02T21:09:38.878+08:00  INFO 26160 --- [admin3] [           main] w.s.c.ServletWebServerApplicationContext : Root WebApplicationContext: initialization completed in 4172 ms
Standard Commons Logging discovery in action with spring-jcl: please remove commons-logging.jar from classpath in order to avoid potential conflicts
2026-06-02T21:09:39.274+08:00  INFO 26160 --- [admin3] [           main] o.hibernate.jpa.internal.util.LogHelper  : HHH000204: Processing PersistenceUnitInfo [name: default]
2026-06-02T21:09:39.464+08:00  INFO 26160 --- [admin3] [           main] org.hibernate.Version                    : HHH000412: Hibernate ORM core version 6.4.4.Final
2026-06-02T21:09:39.543+08:00  INFO 26160 --- [admin3] [           main] o.h.c.internal.RegionFactoryInitiator    : HHH000026: Second-level cache disabled
2026-06-02T21:09:40.178+08:00  INFO 26160 --- [admin3] [           main] o.s.o.j.p.SpringPersistenceUnitInfo      : No LoadTimeWeaver setup: ignoring JPA class transformer
2026-06-02T21:09:40.257+08:00  INFO 26160 --- [admin3] [           main] com.zaxxer.hikari.HikariDataSource       : HikariPool-1 - Starting...
2026-06-02T21:09:41.022+08:00  INFO 26160 --- [admin3] [           main] com.zaxxer.hikari.pool.HikariPool        : HikariPool-1 - Added connection com.mysql.cj.jdbc.ConnectionImpl@5a2f401a
2026-06-02T21:09:41.028+08:00  INFO 26160 --- [admin3] [           main] com.zaxxer.hikari.HikariDataSource       : HikariPool-1 - Start completed.
2026-06-02T21:09:41.160+08:00  WARN 26160 --- [admin3] [           main] org.hibernate.dialect.Dialect            : HHH000511: The 5.7.44 version for [org.hibernate.dialect.MySQLDialect] is no longer supported, hence certain features may not work properly. The minimum supported version is 8.0.0. Check the community dialects project for available legacy versions.
2026-06-02T21:09:44.376+08:00  INFO 26160 --- [admin3] [           main] o.h.e.t.j.p.i.JtaPlatformInitiator       : HHH000489: No JTA platform available (set 'hibernate.transaction.jta.platform' to enable JTA platform integration)
2026-06-02T21:09:44.940+08:00  INFO 26160 --- [admin3] [           main] j.LocalContainerEntityManagerFactoryBean : Initialized JPA EntityManagerFactory for persistence unit 'default'
2026-06-02T21:09:46.698+08:00  INFO 26160 --- [admin3] [           main] o.s.d.j.r.query.QueryEnhancerFactory     : Hibernate is in classpath; If applicable, HQL parser will be used.
2026-06-02T21:09:50.178+08:00  WARN 26160 --- [admin3] [           main] JpaBaseConfiguration$JpaWebConfiguration : spring.jpa.open-in-view is enabled by default. Therefore, database queries may be performed during view rendering. Explicitly configure spring.jpa.open-in-view to disable this warning
2026-06-02T21:09:51.737+08:00  WARN 26160 --- [admin3] [           main] ConfigServletWebServerApplicationContext : Exception encountered during context initialization - cancelling refresh attempt: org.springframework.context.ApplicationContextException: Failed to start bean 'webServerStartStop'
2026-06-02T21:09:51.766+08:00  INFO 26160 --- [admin3] [           main] j.LocalContainerEntityManagerFactoryBean : Closing JPA EntityManagerFactory for persistence unit 'default'
2026-06-02T21:09:51.769+08:00  INFO 26160 --- [admin3] [           main] com.zaxxer.hikari.HikariDataSource       : HikariPool-1 - Shutdown initiated...
2026-06-02T21:09:51.780+08:00  INFO 26160 --- [admin3] [           main] com.zaxxer.hikari.HikariDataSource       : HikariPool-1 - Shutdown completed.
2026-06-02T21:09:51.806+08:00  INFO 26160 --- [admin3] [           main] .s.b.a.l.ConditionEvaluationReportLogger :

Error starting ApplicationContext. To display the condition evaluation report re-run your application with 'debug' enabled.
2026-06-02T21:09:51.847+08:00 ERROR 26160 --- [admin3] [           main] o.s.b.d.LoggingFailureAnalysisReporter   :

***************************
APPLICATION FAILED TO START
***************************

Description:

Web server failed to start. Port 8080 was already in use.

Action:

Identify and stop the process that's listening on port 8080 or configure this application to listen on another port.